GROUP,PACKAGE,CLASS,INSTRUCTION_MISSED,INSTRUCTION_COVERED,BRANCH_MISSED,BRANCH_COVERED,LINE_MISSED,LINE_COVERED,COMPLEXITY_MISSED,COMPLEXITY_COVERED,METHOD_MISSED,METHOD_COVERED
Calendar,calendar,DateOutOfRangeException,7,0,0,0,4,0,2,0,2,0
Calendar,calendar,CalendarMain,420,0,24,0,89,0,14,0,2,0
Calendar,calendar,Appt,169,177,15,17,31,61,24,22,14,16
Calendar,calendar,CalDay,108,94,10,8,25,28,15,9,8,7
Calendar,calendar,CalendarUtil,5,86,1,9,2,11,2,7,1,3
Calendar,calendar,TimeTable,274,41,43,9,70,12,27,6,4,2
